<?xml version="1.0" encoding="utf-8"?>
<TestRun id="584445a4-b4ec-405a-9870-8a3f4ae4eb05" name="brame@BRAM-DESKTOP 2025-02-11 17:41:51" runUser="BRAM-DESKTOP\brame" xmlns="http://microsoft.com/schemas/VisualStudio/TeamTest/2010">
  <Times creation="2025-02-11T17:41:51.3844916+01:00" queuing="2025-02-11T17:41:51.3844918+01:00" start="2025-02-11T17:41:50.6523652+01:00" finish="2025-02-11T17:41:51.3878971+01:00" />
  <TestSettings name="default" id="b1e078dd-fce6-4c30-a3ea-f7b1d09ce8da">
    <Deployment runDeploymentRoot="brame_BRAM-DESKTOP_2025-02-11_17_41_51" />
  </TestSettings>
  <Results>
    <UnitTestResult executionId="69856321-2802-48d9-8bac-632a672f4872" testId="a66ec30c-2b1c-f2aa-4f46-6e53bfeef922" testName="Should_verify_body_content(&quot;{\&quot;id\&quot;:\&quot;9999999999999999\&quot;,\&quot;application_id\&quot;:\&quot;9999999999999999\&quot;,\&quot;type\&quot;:3,\&quot;data\&quot;:{\&quot;id\&quot;:\&quot;9999999999999999\&quot;,\&quot;name\&quot;:\&quot;test\&quot;,\&quot;options\&quot;:[{\&quot;name\&quot;:\&quot;test\&quot;,\r\n                    \&quot;type\&quot;:3,\&quot;value\&quot;:\&quot;test_test\&quot;}]},\&quot;guild_id\&quot;:\&quot;9999999999999999\&quot;,\&quot;channel_id\&quot;:\&quot;9999999999999999\&quot;,\&quot;member\&quot;:{\&quot;user\&quot;:{\&quot;id\&quot;:\&quot;9999999999999999\&quot;,\&quot;username\&quot;:\r\n                    \&quot;user\&quot;,\&quot;discriminator\&quot;:\&quot;0001\&quot;,\&quot;avatar\&quot;:\&quot;aaaaaaa\&quot;,\&quot;bot\&quot;:true,\&quot;system\&quot;:true,\&quot;mfa_enabled\&quot;:true,\&quot;locale\&quot;:\&quot;en-US\&quot;,\&quot;verified\&quot;:true,\&quot;email\&quot;:\r\n                    \&quot;color-chan@discord.com\&quot;,\&quot;flags\&quot;:0,\&quot;premium_type\&quot;:0,\&quot;public_flags\&quot;:0},\&quot;nick\&quot;:\&quot;testNick\&quot;,\&quot;roles\&quot;:[\&quot;9999999999999999\&quot;,\&quot;9999999999999999\&quot;,\&quot;9999999999999999\&quot;],\r\n                    \&quot;joined_at\&quot;:\&quot;1970-01-01T00:00:00+00:00\&quot;,\&quot;deaf\&quot;:true,\&quot;mute\&quot;:true,\&quot;permissions\&quot;:\&quot;274877906943\&quot;},\&quot;token\&quot;:\&quot;token\&quot;,\&quot;version\&quot;:1}&quot;)" computerName="BRAM-DESKTOP" duration="00:00:00.0007500" startTime="2025-02-11T17:41:51.2838226+01:00" endTime="2025-02-11T17:41:51.2845731+01:00" testType="13cdc9d9-ddb5-4fa4-a97d-d965ccfc6d4b" outcome="Passed" testListId="8c84fa94-04c1-424b-9868-57a2d4851a1d" relativeResultsDirectory="69856321-2802-48d9-8bac-632a672f4872" />
    <UnitTestResult executionId="38cddb1a-f87b-4911-9fad-8cee7e3b3e53" testId="09c1eda7-fe7b-c6d5-e4ae-35fc8e21a02d" testName="Should_verify_body_content(&quot;{\&quot;id\&quot;:\&quot;999999999999\&quot;,\&quot;application_id\&quot;:\&quot;999999999999\&quot;,\&quot;type\&quot;:2,\&quot;data\&quot;:{\&quot;id\&quot;:\&quot;999999999999\&quot;,\&quot;name\&quot;:\&quot;roles\&quot;,\&quot;resolved\&quot;:{\&quot;users\&quot;:{\&quot;999999999999\&quot;:\r\n                    {\&quot;id\&quot;:\&quot;999999999999\&quot;,\&quot;username\&quot;:\&quot;name\&quot;,\&quot;discriminator\&quot;:\&quot;9999\&quot;,\&quot;avatar\&quot;:\&quot;aaaaaaaaaaaaa\&quot;,\&quot;bot\&quot;:true,\&quot;public_flags\&quot;:0}},\&quot;members\&quot;:{\&quot;999999999999\&quot;:{\&quot;roles\&quot;:\r\n                    [\&quot;999999999999\&quot;,\&quot;999999999999\&quot;],\&quot;joined_at\&quot;:\&quot;2020-01-21T23:01:24.057+00:00\&quot;,\&quot;deaf\&quot;:false,\&quot;mute\&quot;:false,\&quot;pending\&quot;:false,\&quot;permissions\&quot;:\&quot;248407129665\&quot;}},\&quot;channels\&quot;:\r\n                    {\&quot;999999999999\&quot;:{\&quot;id\&quot;:\&quot;999999999999\&quot;,\&quot;type\&quot;:0,\&quot;name\&quot;:\&quot;all\&quot;}}},\&quot;options\&quot;:[{\&quot;name\&quot;:\&quot;add\&quot;,\&quot;type\&quot;:2,\&quot;options\&quot;:[{\&quot;name\&quot;:\&quot;empty\&quot;,\&quot;type\&quot;:1,\&quot;options\&quot;:[{\&quot;name\&quot;:\r\n                    \&quot;name\&quot;,\&quot;type\&quot;:3,\&quot;value\&quot;:\&quot;test role name\&quot;}]}]}]},\&quot;guild_id\&quot;:\&quot;999999999999\&quot;,\&quot;channel_id\&quot;:\&quot;999999999999\&quot;,\&quot;member\&quot;:{\&quot;user\&quot;:{\&quot;id\&quot;:\&quot;9999999999999999\&quot;,\&quot;username\&quot;:\r\n                    \&quot;user\&quot;,\&quot;discriminator\&quot;:\&quot;0001\&quot;,\&quot;avatar\&quot;:\&quot;aaaaaaa\&quot;,\&quot;bot\&quot;:true,\&quot;system\&quot;:true,\&quot;mfa_enabled\&quot;:true,\&quot;locale\&quot;:\&quot;en-US\&quot;,\&quot;verified\&quot;:true,\&quot;email\&quot;:\&quot;color-chan@discord.com\&quot;,\r\n                    \&quot;flags\&quot;:0,\&quot;premium_type\&quot;:0,\&quot;public_flags\&quot;:0},\&quot;nick\&quot;:\&quot;testNick\&quot;,\&quot;roles\&quot;:[\&quot;9999999999999999\&quot;,\&quot;9999999999999999\&quot;,\&quot;9999999999999999\&quot;],\&quot;joined_at\&quot;:\&quot;1970-01-01T00:00:00+00:00\&quot;,\r\n                    \&quot;deaf\&quot;:true,\&quot;mute\&quot;:true,\&quot;permissions\&quot;:\&quot;274877906943\&quot;},\&quot;token\&quot;:\&quot;TOKEN\&quot;,\&quot;version\&quot;:1}&quot;)" computerName="BRAM-DESKTOP" duration="00:00:00.0005290" startTime="2025-02-11T17:41:51.2845898+01:00" endTime="2025-02-11T17:41:51.2851185+01:00" testType="13cdc9d9-ddb5-4fa4-a97d-d965ccfc6d4b" outcome="Passed" testListId="8c84fa94-04c1-424b-9868-57a2d4851a1d" relativeResultsDirectory="38cddb1a-f87b-4911-9fad-8cee7e3b3e53" />
    <UnitTestResult executionId="2003b5a7-4659-4e20-a27b-63cf6df8eb20" testId="0d2e8fdc-90a4-a560-22b7-b301babf0379" testName="Should_verify_body_content(&quot;{\&quot;version\&quot;:\&quot;v4.0.0.0\&quot;,\&quot;utcBuildDate\&quot;:\&quot;2021-08-01T23:34:09.553Z\&quot;}&quot;)" computerName="BRAM-DESKTOP" duration="00:00:00.0143660" startTime="2025-02-11T17:41:51.2687789+01:00" endTime="2025-02-11T17:41:51.2830911+01:00" testType="13cdc9d9-ddb5-4fa4-a97d-d965ccfc6d4b" outcome="Passed" testListId="8c84fa94-04c1-424b-9868-57a2d4851a1d" relativeResultsDirectory="2003b5a7-4659-4e20-a27b-63cf6df8eb20" />
  </Results>
  <TestDefinitions>
    <UnitTest name="Should_verify_body_content(&quot;{\&quot;id\&quot;:\&quot;9999999999999999\&quot;,\&quot;application_id\&quot;:\&quot;9999999999999999\&quot;,\&quot;type\&quot;:3,\&quot;data\&quot;:{\&quot;id\&quot;:\&quot;9999999999999999\&quot;,\&quot;name\&quot;:\&quot;test\&quot;,\&quot;options\&quot;:[{\&quot;name\&quot;:\&quot;test\&quot;,\r\n                    \&quot;type\&quot;:3,\&quot;value\&quot;:\&quot;test_test\&quot;}]},\&quot;guild_id\&quot;:\&quot;9999999999999999\&quot;,\&quot;channel_id\&quot;:\&quot;9999999999999999\&quot;,\&quot;member\&quot;:{\&quot;user\&quot;:{\&quot;id\&quot;:\&quot;9999999999999999\&quot;,\&quot;username\&quot;:\r\n                    \&quot;user\&quot;,\&quot;discriminator\&quot;:\&quot;0001\&quot;,\&quot;avatar\&quot;:\&quot;aaaaaaa\&quot;,\&quot;bot\&quot;:true,\&quot;system\&quot;:true,\&quot;mfa_enabled\&quot;:true,\&quot;locale\&quot;:\&quot;en-US\&quot;,\&quot;verified\&quot;:true,\&quot;email\&quot;:\r\n                    \&quot;color-chan@discord.com\&quot;,\&quot;flags\&quot;:0,\&quot;premium_type\&quot;:0,\&quot;public_flags\&quot;:0},\&quot;nick\&quot;:\&quot;testNick\&quot;,\&quot;roles\&quot;:[\&quot;9999999999999999\&quot;,\&quot;9999999999999999\&quot;,\&quot;9999999999999999\&quot;],\r\n                    \&quot;joined_at\&quot;:\&quot;1970-01-01T00:00:00+00:00\&quot;,\&quot;deaf\&quot;:true,\&quot;mute\&quot;:true,\&quot;permissions\&quot;:\&quot;274877906943\&quot;},\&quot;token\&quot;:\&quot;token\&quot;,\&quot;version\&quot;:1}&quot;)" storage="f:\github\color-chan.discord\tests\color-chan.discord.tests\bin\debug\net8.0\color-chan.discord.tests.dll" id="a66ec30c-2b1c-f2aa-4f46-6e53bfeef922">
      <Execution id="69856321-2802-48d9-8bac-632a672f4872" />
      <TestMethod codeBase="F:\Github\Color-Chan.Discord\tests\Color-Chan.Discord.Tests\bin\Debug\net8.0\Color-Chan.Discord.Tests.dll" adapterTypeName="executor://nunit3testexecutor/" className="Color_Chan.Discord.Tests.Services.Implementations.DiscordInteractionAuthServiceTests" name="Should_verify_body_content(&quot;{\&quot;id\&quot;:\&quot;9999999999999999\&quot;,\&quot;application_id\&quot;:\&quot;9999999999999999\&quot;,\&quot;type\&quot;:3,\&quot;data\&quot;:{\&quot;id\&quot;:\&quot;9999999999999999\&quot;,\&quot;name\&quot;:\&quot;test\&quot;,\&quot;options\&quot;:[{\&quot;name\&quot;:\&quot;test\&quot;,\r\n                    \&quot;type\&quot;:3,\&quot;value\&quot;:\&quot;test_test\&quot;}]},\&quot;guild_id\&quot;:\&quot;9999999999999999\&quot;,\&quot;channel_id\&quot;:\&quot;9999999999999999\&quot;,\&quot;member\&quot;:{\&quot;user\&quot;:{\&quot;id\&quot;:\&quot;9999999999999999\&quot;,\&quot;username\&quot;:\r\n                    \&quot;user\&quot;,\&quot;discriminator\&quot;:\&quot;0001\&quot;,\&quot;avatar\&quot;:\&quot;aaaaaaa\&quot;,\&quot;bot\&quot;:true,\&quot;system\&quot;:true,\&quot;mfa_enabled\&quot;:true,\&quot;locale\&quot;:\&quot;en-US\&quot;,\&quot;verified\&quot;:true,\&quot;email\&quot;:\r\n                    \&quot;color-chan@discord.com\&quot;,\&quot;flags\&quot;:0,\&quot;premium_type\&quot;:0,\&quot;public_flags\&quot;:0},\&quot;nick\&quot;:\&quot;testNick\&quot;,\&quot;roles\&quot;:[\&quot;9999999999999999\&quot;,\&quot;9999999999999999\&quot;,\&quot;9999999999999999\&quot;],\r\n                    \&quot;joined_at\&quot;:\&quot;1970-01-01T00:00:00+00:00\&quot;,\&quot;deaf\&quot;:true,\&quot;mute\&quot;:true,\&quot;permissions\&quot;:\&quot;274877906943\&quot;},\&quot;token\&quot;:\&quot;token\&quot;,\&quot;version\&quot;:1}&quot;)" />
    </UnitTest>
    <UnitTest name="Should_verify_body_content(&quot;{\&quot;version\&quot;:\&quot;v4.0.0.0\&quot;,\&quot;utcBuildDate\&quot;:\&quot;2021-08-01T23:34:09.553Z\&quot;}&quot;)" storage="f:\github\color-chan.discord\tests\color-chan.discord.tests\bin\debug\net8.0\color-chan.discord.tests.dll" id="0d2e8fdc-90a4-a560-22b7-b301babf0379">
      <Execution id="2003b5a7-4659-4e20-a27b-63cf6df8eb20" />
      <TestMethod codeBase="F:\Github\Color-Chan.Discord\tests\Color-Chan.Discord.Tests\bin\Debug\net8.0\Color-Chan.Discord.Tests.dll" adapterTypeName="executor://nunit3testexecutor/" className="Color_Chan.Discord.Tests.Services.Implementations.DiscordInteractionAuthServiceTests" name="Should_verify_body_content(&quot;{\&quot;version\&quot;:\&quot;v4.0.0.0\&quot;,\&quot;utcBuildDate\&quot;:\&quot;2021-08-01T23:34:09.553Z\&quot;}&quot;)" />
    </UnitTest>
    <UnitTest name="Should_verify_body_content(&quot;{\&quot;id\&quot;:\&quot;999999999999\&quot;,\&quot;application_id\&quot;:\&quot;999999999999\&quot;,\&quot;type\&quot;:2,\&quot;data\&quot;:{\&quot;id\&quot;:\&quot;999999999999\&quot;,\&quot;name\&quot;:\&quot;roles\&quot;,\&quot;resolved\&quot;:{\&quot;users\&quot;:{\&quot;999999999999\&quot;:\r\n                    {\&quot;id\&quot;:\&quot;999999999999\&quot;,\&quot;username\&quot;:\&quot;name\&quot;,\&quot;discriminator\&quot;:\&quot;9999\&quot;,\&quot;avatar\&quot;:\&quot;aaaaaaaaaaaaa\&quot;,\&quot;bot\&quot;:true,\&quot;public_flags\&quot;:0}},\&quot;members\&quot;:{\&quot;999999999999\&quot;:{\&quot;roles\&quot;:\r\n                    [\&quot;999999999999\&quot;,\&quot;999999999999\&quot;],\&quot;joined_at\&quot;:\&quot;2020-01-21T23:01:24.057+00:00\&quot;,\&quot;deaf\&quot;:false,\&quot;mute\&quot;:false,\&quot;pending\&quot;:false,\&quot;permissions\&quot;:\&quot;248407129665\&quot;}},\&quot;channels\&quot;:\r\n                    {\&quot;999999999999\&quot;:{\&quot;id\&quot;:\&quot;999999999999\&quot;,\&quot;type\&quot;:0,\&quot;name\&quot;:\&quot;all\&quot;}}},\&quot;options\&quot;:[{\&quot;name\&quot;:\&quot;add\&quot;,\&quot;type\&quot;:2,\&quot;options\&quot;:[{\&quot;name\&quot;:\&quot;empty\&quot;,\&quot;type\&quot;:1,\&quot;options\&quot;:[{\&quot;name\&quot;:\r\n                    \&quot;name\&quot;,\&quot;type\&quot;:3,\&quot;value\&quot;:\&quot;test role name\&quot;}]}]}]},\&quot;guild_id\&quot;:\&quot;999999999999\&quot;,\&quot;channel_id\&quot;:\&quot;999999999999\&quot;,\&quot;member\&quot;:{\&quot;user\&quot;:{\&quot;id\&quot;:\&quot;9999999999999999\&quot;,\&quot;username\&quot;:\r\n                    \&quot;user\&quot;,\&quot;discriminator\&quot;:\&quot;0001\&quot;,\&quot;avatar\&quot;:\&quot;aaaaaaa\&quot;,\&quot;bot\&quot;:true,\&quot;system\&quot;:true,\&quot;mfa_enabled\&quot;:true,\&quot;locale\&quot;:\&quot;en-US\&quot;,\&quot;verified\&quot;:true,\&quot;email\&quot;:\&quot;color-chan@discord.com\&quot;,\r\n                    \&quot;flags\&quot;:0,\&quot;premium_type\&quot;:0,\&quot;public_flags\&quot;:0},\&quot;nick\&quot;:\&quot;testNick\&quot;,\&quot;roles\&quot;:[\&quot;9999999999999999\&quot;,\&quot;9999999999999999\&quot;,\&quot;9999999999999999\&quot;],\&quot;joined_at\&quot;:\&quot;1970-01-01T00:00:00+00:00\&quot;,\r\n                    \&quot;deaf\&quot;:true,\&quot;mute\&quot;:true,\&quot;permissions\&quot;:\&quot;274877906943\&quot;},\&quot;token\&quot;:\&quot;TOKEN\&quot;,\&quot;version\&quot;:1}&quot;)" storage="f:\github\color-chan.discord\tests\color-chan.discord.tests\bin\debug\net8.0\color-chan.discord.tests.dll" id="09c1eda7-fe7b-c6d5-e4ae-35fc8e21a02d">
      <Execution id="38cddb1a-f87b-4911-9fad-8cee7e3b3e53" />
      <TestMethod codeBase="F:\Github\Color-Chan.Discord\tests\Color-Chan.Discord.Tests\bin\Debug\net8.0\Color-Chan.Discord.Tests.dll" adapterTypeName="executor://nunit3testexecutor/" className="Color_Chan.Discord.Tests.Services.Implementations.DiscordInteractionAuthServiceTests" name="Should_verify_body_content(&quot;{\&quot;id\&quot;:\&quot;999999999999\&quot;,\&quot;application_id\&quot;:\&quot;999999999999\&quot;,\&quot;type\&quot;:2,\&quot;data\&quot;:{\&quot;id\&quot;:\&quot;999999999999\&quot;,\&quot;name\&quot;:\&quot;roles\&quot;,\&quot;resolved\&quot;:{\&quot;users\&quot;:{\&quot;999999999999\&quot;:\r\n                    {\&quot;id\&quot;:\&quot;999999999999\&quot;,\&quot;username\&quot;:\&quot;name\&quot;,\&quot;discriminator\&quot;:\&quot;9999\&quot;,\&quot;avatar\&quot;:\&quot;aaaaaaaaaaaaa\&quot;,\&quot;bot\&quot;:true,\&quot;public_flags\&quot;:0}},\&quot;members\&quot;:{\&quot;999999999999\&quot;:{\&quot;roles\&quot;:\r\n                    [\&quot;999999999999\&quot;,\&quot;999999999999\&quot;],\&quot;joined_at\&quot;:\&quot;2020-01-21T23:01:24.057+00:00\&quot;,\&quot;deaf\&quot;:false,\&quot;mute\&quot;:false,\&quot;pending\&quot;:false,\&quot;permissions\&quot;:\&quot;248407129665\&quot;}},\&quot;channels\&quot;:\r\n                    {\&quot;999999999999\&quot;:{\&quot;id\&quot;:\&quot;999999999999\&quot;,\&quot;type\&quot;:0,\&quot;name\&quot;:\&quot;all\&quot;}}},\&quot;options\&quot;:[{\&quot;name\&quot;:\&quot;add\&quot;,\&quot;type\&quot;:2,\&quot;options\&quot;:[{\&quot;name\&quot;:\&quot;empty\&quot;,\&quot;type\&quot;:1,\&quot;options\&quot;:[{\&quot;name\&quot;:\r\n                    \&quot;name\&quot;,\&quot;type\&quot;:3,\&quot;value\&quot;:\&quot;test role name\&quot;}]}]}]},\&quot;guild_id\&quot;:\&quot;999999999999\&quot;,\&quot;channel_id\&quot;:\&quot;999999999999\&quot;,\&quot;member\&quot;:{\&quot;user\&quot;:{\&quot;id\&quot;:\&quot;9999999999999999\&quot;,\&quot;username\&quot;:\r\n                    \&quot;user\&quot;,\&quot;discriminator\&quot;:\&quot;0001\&quot;,\&quot;avatar\&quot;:\&quot;aaaaaaa\&quot;,\&quot;bot\&quot;:true,\&quot;system\&quot;:true,\&quot;mfa_enabled\&quot;:true,\&quot;locale\&quot;:\&quot;en-US\&quot;,\&quot;verified\&quot;:true,\&quot;email\&quot;:\&quot;color-chan@discord.com\&quot;,\r\n                    \&quot;flags\&quot;:0,\&quot;premium_type\&quot;:0,\&quot;public_flags\&quot;:0},\&quot;nick\&quot;:\&quot;testNick\&quot;,\&quot;roles\&quot;:[\&quot;9999999999999999\&quot;,\&quot;9999999999999999\&quot;,\&quot;9999999999999999\&quot;],\&quot;joined_at\&quot;:\&quot;1970-01-01T00:00:00+00:00\&quot;,\r\n                    \&quot;deaf\&quot;:true,\&quot;mute\&quot;:true,\&quot;permissions\&quot;:\&quot;274877906943\&quot;},\&quot;token\&quot;:\&quot;TOKEN\&quot;,\&quot;version\&quot;:1}&quot;)" />
    </UnitTest>
  </TestDefinitions>
  <TestEntries>
    <TestEntry testId="a66ec30c-2b1c-f2aa-4f46-6e53bfeef922" executionId="69856321-2802-48d9-8bac-632a672f4872" testListId="8c84fa94-04c1-424b-9868-57a2d4851a1d" />
    <TestEntry testId="09c1eda7-fe7b-c6d5-e4ae-35fc8e21a02d" executionId="38cddb1a-f87b-4911-9fad-8cee7e3b3e53" testListId="8c84fa94-04c1-424b-9868-57a2d4851a1d" />
    <TestEntry testId="0d2e8fdc-90a4-a560-22b7-b301babf0379" executionId="2003b5a7-4659-4e20-a27b-63cf6df8eb20" testListId="8c84fa94-04c1-424b-9868-57a2d4851a1d" />
  </TestEntries>
  <TestLists>
    <TestList name="Results Not in a List" id="8c84fa94-04c1-424b-9868-57a2d4851a1d" />
    <TestList name="All Loaded Results" id="19431567-8539-422a-85d7-44ee4e166bda" />
  </TestLists>
  <ResultSummary outcome="Completed">
    <Counters total="3" executed="3" passed="3" failed="0" error="0" timeout="0" aborted="0" inconclusive="0" passedButRunAborted="0" notRunnable="0" notExecuted="0" disconnected="0" warning="0" completed="0" inProgress="0" pending="0" />
    <Output>
      <StdOut>NUnit Adapter 4.6.0.0: Test execution started&#xD;
Running all tests in F:\Github\Color-Chan.Discord\tests\Color-Chan.Discord.Tests\bin\Debug\net8.0\Color-Chan.Discord.Tests.dll&#xD;
   NUnit3TestExecutor discovered 3 of 3 NUnit test cases using Current Discovery mode, Non-Explicit run&#xD;
NUnit Adapter 4.6.0.0: Test execution complete&#xD;
</StdOut>
    </Output>
  </ResultSummary>
</TestRun>